TN:
SF:server/config.js
FNF:0
FNH:0
DA:4,1
DA:5,1
DA:6,1
DA:7,1
LF:4
LH:4
BRDA:10,0,0,1
BRDA:10,0,1,1
BRF:2
BRH:2
end_of_record
TN:
SF:server/controller.js
FN:3,(anonymous_0)
FN:7,(anonymous_1)
FNF:2
FNH:1
FNDA:1,(anonymous_0)
FNDA:0,(anonymous_1)
DA:4,1
DA:8,0
LF:2
LH:1
BRF:0
BRH:0
end_of_record
TN:
SF:server/routes.js
FN:13,routes
FN:55,handleError
FN:66,handler
FN:67,(anonymous_3)
FNF:4
FNH:4
FNDA:8,routes
FNDA:2,handleError
FNDA:8,handler
FNDA:2,(anonymous_3)
DA:9,1
DA:11,1
DA:14,8
DA:16,8
DA:17,1
DA:21,1
DA:24,7
DA:25,1
DA:26,1
DA:29,6
DA:30,1
DA:36,1
DA:40,5
DA:41,4
DA:42,2
DA:43,2
DA:44,1
DA:48,2
DA:51,1
DA:52,1
DA:56,2
DA:57,1
DA:58,1
DA:59,1
DA:61,1
DA:62,1
DA:63,1
DA:67,8
DA:68,2
LF:29
LH:29
BRDA:16,0,0,1
BRDA:16,0,1,7
BRDA:16,1,0,8
BRDA:16,1,1,7
BRDA:24,2,0,1
BRDA:24,2,1,6
BRDA:24,3,0,7
BRDA:24,3,1,6
BRDA:29,4,0,1
BRDA:29,4,1,5
BRDA:29,5,0,6
BRDA:29,5,1,5
BRDA:40,6,0,4
BRDA:40,6,1,1
BRDA:43,7,0,1
BRDA:43,7,1,1
BRDA:56,8,0,1
BRDA:56,8,1,1
BRF:18
BRH:18
end_of_record
TN:
SF:server/service.js
FN:11,(anonymous_0)
FN:15,(anonymous_1)
FN:29,(anonymous_2)
FNF:3
FNH:0
FNDA:0,(anonymous_0)
FNDA:0,(anonymous_1)
FNDA:0,(anonymous_2)
DA:8,1
DA:12,0
DA:17,0
DA:20,0
DA:21,0
DA:23,0
DA:30,0
DA:31,0
LF:8
LH:1
BRF:0
BRH:0
end_of_record
TN:
SF:server/util.js
FNF:0
FNH:0
DA:3,1
DA:13,1
LF:2
LH:2
BRF:0
BRH:0
end_of_record
TN:
SF:tests/unit/_util/testUtil.js
FN:5,(anonymous_0)
FN:7,(anonymous_1)
FN:16,(anonymous_2)
FN:18,(anonymous_3)
FN:26,(anonymous_4)
FN:28,(anonymous_5)
FN:42,(anonymous_6)
FNF:7
FNH:4
FNDA:12,(anonymous_0)
FNDA:0,(anonymous_1)
FNDA:8,(anonymous_2)
FNDA:0,(anonymous_3)
FNDA:8,(anonymous_4)
FNDA:0,(anonymous_5)
FNDA:8,(anonymous_6)
DA:6,12
DA:8,0
DA:9,0
DA:11,0
DA:17,8
DA:19,0
DA:21,0
DA:27,8
DA:28,8
DA:30,8
DA:41,8
DA:42,8
LF:12
LH:7
BRF:0
BRH:0
end_of_record
